<?xml version="1.0" encoding="UTF-8"?>
<!-- Generated by org.testng.reporters.JUnitXMLReporter -->
<testsuite ignored="0" hostname="DESKTOP-P740TCE" failures="0" tests="2" name="Default test" time="85.966" errors="0" timestamp="2023-08-10T08:55:33 GMT-07:00">
  <testcase classname="com.mystore.testcases.TC_ProductPageTest" name="VerifyAddToCartWithOutLogin" time="8.059"/>
  <testcase classname="com.mystore.testcases.TC_ProductPageTest" name="VerifySeachProduct" time="25.455"/>
</testsuite> <!-- Default test -->
