<?xml version="1.0" encoding="UTF-8"?>
<!-- Generated by org.testng.reporters.JUnitXMLReporter -->
<testsuite ignored="1" hostname="DESKTOP-P740TCE" failures="0" tests="3" name="Test" time="73.388" errors="0" timestamp="2023-08-09T09:50:38 GMT-07:00">
  <testcase classname="com.mystore.testcases.TC_MyAccountPage" name="VerifyLogin" time="7.265"/>
  <testcase classname="com.mystore.testcases.TC_MyAccountPage" name="VerifyLogout" time="3.25"/>
  <testcase classname="com.mystore.testcases.TC_ProductPageTest" name="VerifySeachProduct" time="10.809"/>
  <testcase classname="com.mystore.testcases.TC_MyAccountPage" name="verifyRegistationAndLogin" time="0.0">
    <ignored/>
  </testcase> <!-- verifyRegistationAndLogin -->
</testsuite> <!-- Test -->
