<?xml version="1.0" encoding="UTF-8"?>
<!-- Generated by org.testng.reporters.JUnitXMLReporter -->
<testsuite ignored="1" hostname="DESKTOP-P740TCE" failures="0" tests="4" name="Test" time="189.531" errors="0" timestamp="2023-08-11T11:14:22 GMT-07:00">
  <testcase classname="com.mystore.testcases.TC_MyAccountPage" name="VerifyLogin" time="8.811"/>
  <testcase classname="com.mystore.testcases.TC_MyAccountPage" name="VerifyLogout" time="2.899"/>
  <testcase classname="com.mystore.testcases.TC_ProductPageTest" name="VerifyAddToCartWithOutLogin" time="7.564"/>
  <testcase classname="com.mystore.testcases.TC_ProductPageTest" name="VerifySeachProduct" time="6.118"/>
  <testcase classname="com.mystore.testcases.TC_MyAccountPage" name="verifyRegistationAndLogin" time="0.0">
    <ignored/>
  </testcase> <!-- verifyRegistationAndLogin -->
</testsuite> <!-- Test -->
