<?xml version="1.0" encoding="UTF-8"?>
<testng-results ignored="1" total="5" passed="4" failed="0" skipped="0">
  <reporter-output>
  </reporter-output>
  <suite started-at="2023-08-11T11:11:12 GMT-07:00" name="Suite" finished-at="2023-08-11T11:14:21 GMT-07:00" duration-ms="189531">
    <groups>
    </groups>
    <test started-at="2023-08-11T11:11:12 GMT-07:00" name="Test" finished-at="2023-08-11T11:14:21 GMT-07:00" duration-ms="189531">
      <class name="com.mystore.testcases.TC_ProductPageTest">
        <test-method is-config="true" signature="SetUp()[pri:0, instance:com.mystore.testcases.TC_ProductPageTest@647e447]" started-at="2023-08-11T11:13:01 GMT-07:00" name="SetUp" finished-at="2023-08-11T11:14:07 GMT-07:00" duration-ms="66322" status="PASS">
          <reporter-output>
          </reporter-output>
        </test-method> <!-- SetUp -->
        <test-method signature="VerifyAddToCartWithOutLogin()[pri:0, instance:com.mystore.testcases.TC_ProductPageTest@647e447]" started-at="2023-08-11T11:14:07 GMT-07:00" name="VerifyAddToCartWithOutLogin" finished-at="2023-08-11T11:14:15 GMT-07:00" duration-ms="7564" status="PASS">
          <reporter-output>
          </reporter-output>
        </test-method> <!-- VerifyAddToCartWithOutLogin -->
        <test-method signature="VerifySeachProduct()[pri:0, instance:com.mystore.testcases.TC_ProductPageTest@647e447]" started-at="2023-08-11T11:14:15 GMT-07:00" name="VerifySeachProduct" finished-at="2023-08-11T11:14:21 GMT-07:00" duration-ms="6118" status="PASS">
          <reporter-output>
          </reporter-output>
        </test-method> <!-- VerifySeachProduct -->
      </class> <!-- com.mystore.testcases.TC_ProductPageTest -->
      <class name="com.mystore.testcases.TC_MyAccountPage">
        <test-method is-config="true" signature="SetUp()[pri:0, instance:com.mystore.testcases.TC_MyAccountPage@3daa422a]" started-at="2023-08-11T11:11:17 GMT-07:00" name="SetUp" finished-at="2023-08-11T11:12:49 GMT-07:00" duration-ms="92388" status="PASS">
          <reporter-output>
          </reporter-output>
        </test-method> <!-- SetUp -->
        <test-method signature="VerifyLogin()[pri:0, instance:com.mystore.testcases.TC_MyAccountPage@3daa422a]" started-at="2023-08-11T11:12:49 GMT-07:00" name="VerifyLogin" finished-at="2023-08-11T11:12:58 GMT-07:00" duration-ms="8811" status="PASS">
          <reporter-output>
          </reporter-output>
        </test-method> <!-- VerifyLogin -->
        <test-method signature="VerifyLogout()[pri:0, instance:com.mystore.testcases.TC_MyAccountPage@3daa422a]" started-at="2023-08-11T11:12:58 GMT-07:00" name="VerifyLogout" finished-at="2023-08-11T11:13:01 GMT-07:00" duration-ms="2899" status="PASS">
          <reporter-output>
          </reporter-output>
        </test-method> <!-- VerifyLogout -->
      </class> <!-- com.mystore.testcases.TC_MyAccountPage -->
    </test> <!-- Test -->
  </suite> <!-- Suite -->
</testng-results>
