<?xml version="1.0" encoding="UTF-8"?>
<testsuite xmlns:xsi="http://www.w3.org/2001/XMLSchema-instance" xsi:noNamespaceSchemaLocation="https://maven.apache.org/surefire/maven-surefire-plugin/xsd/surefire-test-report-3.0.xsd" version="3.0" name="TestSuite" time="201.673" tests="4" errors="0" skipped="0" failures="0">
  <properties>
[...]
</properties>
  <testcase name="VerifyLogin" classname="com.mystore.testcases.TC_MyAccountPage" time="8.823">
    <system-out><![CDATA[On start method invoked
Name of test method started VerifyLogin
]]></system-out>
    <system-err><![CDATA[SLF4J: Failed to load class "org.slf4j.impl.StaticLoggerBinder".
SLF4J: Defaulting to no-operation (NOP) logger implementation
SLF4J: See http://www.slf4j.org/codes.html#StaticLoggerBinder for further details.
Aug 11, 2023 11:11:36 AM org.openqa.selenium.remote.service.DriverService$Builder getLogOutput
INFO: Driver logs no longer sent to console by default; https://www.selenium.dev/documentation/webdriver/drivers/service/#setting-log-output
Aug 11, 2023 11:12:35 AM org.openqa.selenium.devtools.CdpVersionFinder findNearestMatch
WARNING: Unable to find an exact match for CDP version 115, so returning the closest version found: 114
]]></system-err>
  </testcase>
  <testcase name="VerifyLogout" classname="com.mystore.testcases.TC_MyAccountPage" time="2.899">
    <system-out><![CDATA[Name of test method Successfully executed VerifyLogin
Name of test method started VerifyLogout
]]></system-out>
  </testcase>
  <testcase name="VerifyAddToCartWithOutLogin" classname="com.mystore.testcases.TC_ProductPageTest" time="7.564">
    <system-out><![CDATA[Name of test method Successfully executed VerifyLogout
Name of test method started VerifyAddToCartWithOutLogin
]]></system-out>
    <system-err><![CDATA[Aug 11, 2023 11:13:05 AM org.openqa.selenium.remote.service.DriverService$Builder getLogOutput
INFO: Driver logs no longer sent to console by default; https://www.selenium.dev/documentation/webdriver/drivers/service/#setting-log-output
Aug 11, 2023 11:13:34 AM org.openqa.selenium.devtools.CdpVersionFinder findNearestMatch
WARNING: Unable to find an exact match for CDP version 115, so returning the closest version found: 114
]]></system-err>
  </testcase>
  <testcase name="VerifySeachProduct" classname="com.mystore.testcases.TC_ProductPageTest" time="6.116">
    <system-out><![CDATA[Name of test method Successfully executed VerifyAddToCartWithOutLogin
Name of test method started VerifySeachProduct
]]></system-out>
  </testcase>
</testsuite>