<?xml version="1.0" encoding="UTF-8"?>
<testng-results ignored="0" total="2" passed="2" failed="0" skipped="0">
  <reporter-output>
  </reporter-output>
  <suite started-at="2023-08-10T08:54:06 GMT-07:00" name="Default suite" finished-at="2023-08-10T08:55:32 GMT-07:00" duration-ms="85966">
    <groups>
    </groups>
    <test started-at="2023-08-10T08:54:06 GMT-07:00" name="Default test" finished-at="2023-08-10T08:55:32 GMT-07:00" duration-ms="85966">
      <class name="com.mystore.testcases.TC_ProductPageTest">
        <test-method is-config="true" signature="SetUp()[pri:0, instance:com.mystore.testcases.TC_ProductPageTest@4a883b15]" started-at="2023-08-10T08:54:06 GMT-07:00" name="SetUp" finished-at="2023-08-10T08:54:58 GMT-07:00" duration-ms="52010" status="PASS">
          <reporter-output>
          </reporter-output>
        </test-method> <!-- SetUp -->
        <test-method signature="VerifyAddToCartWithOutLogin()[pri:0, instance:com.mystore.testcases.TC_ProductPageTest@4a883b15]" started-at="2023-08-10T08:54:59 GMT-07:00" name="VerifyAddToCartWithOutLogin" finished-at="2023-08-10T08:55:07 GMT-07:00" duration-ms="8059" status="PASS">
          <reporter-output>
          </reporter-output>
        </test-method> <!-- VerifyAddToCartWithOutLogin -->
        <test-method signature="VerifySeachProduct()[pri:0, instance:com.mystore.testcases.TC_ProductPageTest@4a883b15]" started-at="2023-08-10T08:55:07 GMT-07:00" name="VerifySeachProduct" finished-at="2023-08-10T08:55:32 GMT-07:00" duration-ms="25455" status="PASS">
          <reporter-output>
          </reporter-output>
        </test-method> <!-- VerifySeachProduct -->
      </class> <!-- com.mystore.testcases.TC_ProductPageTest -->
    </test> <!-- Default test -->
  </suite> <!-- Default suite -->
</testng-results>
